<?xml version="1.0" encoding="UTF-8"?>
<testsuite name="Cucumber" time="7.431" tests="1" skipped="0" failures="0" errors="0">
<testcase classname="Validating login credentials" name="validating with valid username and password" time="7.282">
<system-out><![CDATA[
Given user should be in swaglab application.................................passed
When user enters valid username and password................................passed
And click on login button...................................................passed
Then user enters in to home page of swaglab application.....................passed
When user select low to high prizes of products.............................passed
And user adds the product to the cart by clicking on Add to cart............passed
]]></system-out>
</testcase>
</testsuite>
