<?xml version="1.0" encoding="UTF-8"?>
<!-- Generated by org.testng.reporters.JUnitReportReporter -->
<testsuite hostname="DESKTOP-7H2MO7P" failures="0" tests="1" name="test.Testrunner" time="9.500" errors="0" timestamp="2024-03-24T19:00:50 IST" skipped="0">
  <testcase classname="test.Testrunner" name="runScenario" time="9.500"/>
</testsuite> <!-- test.Testrunner -->
